#! /usr/local/iverilog/bin/vvp
:ivl_version "11.0 (devel)" "(s20150603-642-g3bdb50da)";
:ivl_delay_selection "TYPICAL";
:vpi_time_precision + 0;
:vpi_module "system";
:vpi_module "vhdl_sys";
:vpi_module "vhdl_textio";
:vpi_module "v2005_math";
:vpi_module "va_math";
S_00000000008745f0 .scope module, "TB" "TB" 2 1;
 .timescale 0 0;
v00000000008c2840_0 .var "ii", 0 3;
v00000000008c2c00_0 .var "s0", 0 0;
v00000000008c1a80_0 .var "s1", 0 0;
v00000000008c2ac0_0 .net "yy", 0 0, L_00000000008c2ca0;  1 drivers
S_0000000000874780 .scope module, "newMUX" "mux4" 2 11, 3 1 0, S_00000000008745f0;
 .timescale 0 0;
    .port_info 0 /INPUT 4 "i";
    .port_info 1 /INPUT 1 "j1";
    .port_info 2 /INPUT 1 "j0";
    .port_info 3 /OUTPUT 1 "o";
v00000000008c0890_0 .net "i", 0 3, v00000000008c2840_0;  1 drivers
v00000000008c1150_0 .net "j0", 0 0, v00000000008c2c00_0;  1 drivers
v00000000008c1330_0 .net "j1", 0 0, v00000000008c1a80_0;  1 drivers
v00000000008c13d0_0 .net "o", 0 0, L_00000000008c2ca0;  alias, 1 drivers
v00000000008c1470_0 .net "t0", 0 0, L_00000000008c3100;  1 drivers
v00000000008c18a0_0 .net "t1", 0 0, L_00000000008c2b60;  1 drivers
L_00000000008c3380 .part v00000000008c2840_0, 3, 1;
L_00000000008c1940 .part v00000000008c2840_0, 2, 1;
L_00000000008c23e0 .part v00000000008c2840_0, 1, 1;
L_00000000008c3420 .part v00000000008c2840_0, 0, 1;
S_0000000000842a40 .scope module, "mux2_0" "mux2" 3 3, 4 1 0, S_0000000000874780;
 .timescale 0 0;
    .port_info 0 /INPUT 1 "i0";
    .port_info 1 /INPUT 1 "i1";
    .port_info 2 /INPUT 1 "j";
    .port_info 3 /OUTPUT 1 "o";
v0000000000874910_0 .net *"_s0", 31 0, L_00000000008c2980;  1 drivers
L_00000000008c4878 .functor BUFT 1, C4<0000000000000000000000000000000>, C4<0>, C4<0>, C4<0>;
v0000000000842bd0_0 .net *"_s3", 30 0, L_00000000008c4878;  1 drivers
L_00000000008c48c0 .functor BUFT 1, C4<00000000000000000000000000000000>, C4<0>, C4<0>, C4<0>;
v0000000000842c70_0 .net/2u *"_s4", 31 0, L_00000000008c48c0;  1 drivers
v0000000000842d10_0 .net *"_s6", 0 0, L_00000000008c1b20;  1 drivers
v00000000008c1510_0 .net "i0", 0 0, L_00000000008c3380;  1 drivers
v00000000008c0f70_0 .net "i1", 0 0, L_00000000008c1940;  1 drivers
v00000000008c0b10_0 .net "j", 0 0, v00000000008c1a80_0;  alias, 1 drivers
v00000000008c1650_0 .net "o", 0 0, L_00000000008c3100;  alias, 1 drivers
L_00000000008c2980 .concat [ 1 31 0 0], v00000000008c1a80_0, L_00000000008c4878;
L_00000000008c1b20 .cmp/eq 32, L_00000000008c2980, L_00000000008c48c0;
L_00000000008c3100 .functor MUXZ 1, L_00000000008c1940, L_00000000008c3380, L_00000000008c1b20, C4<>;
S_0000000000872d40 .scope module, "mux2_1" "mux2" 3 4, 4 1 0, S_0000000000874780;
 .timescale 0 0;
    .port_info 0 /INPUT 1 "i0";
    .port_info 1 /INPUT 1 "i1";
    .port_info 2 /INPUT 1 "j";
    .port_info 3 /OUTPUT 1 "o";
v00000000008c0bb0_0 .net *"_s0", 31 0, L_00000000008c1ee0;  1 drivers
L_00000000008c4908 .functor BUFT 1, C4<0000000000000000000000000000000>, C4<0>, C4<0>, C4<0>;
v00000000008c0930_0 .net *"_s3", 30 0, L_00000000008c4908;  1 drivers
L_00000000008c4950 .functor BUFT 1, C4<00000000000000000000000000000000>, C4<0>, C4<0>, C4<0>;
v00000000008c0d90_0 .net/2u *"_s4", 31 0, L_00000000008c4950;  1 drivers
v00000000008c11f0_0 .net *"_s6", 0 0, L_00000000008c3240;  1 drivers
v00000000008c16f0_0 .net "i0", 0 0, L_00000000008c23e0;  1 drivers
v00000000008c15b0_0 .net "i1", 0 0, L_00000000008c3420;  1 drivers
v00000000008c1790_0 .net "j", 0 0, v00000000008c1a80_0;  alias, 1 drivers
v00000000008c0ed0_0 .net "o", 0 0, L_00000000008c2b60;  alias, 1 drivers
L_00000000008c1ee0 .concat [ 1 31 0 0], v00000000008c1a80_0, L_00000000008c4908;
L_00000000008c3240 .cmp/eq 32, L_00000000008c1ee0, L_00000000008c4950;
L_00000000008c2b60 .functor MUXZ 1, L_00000000008c3420, L_00000000008c23e0, L_00000000008c3240, C4<>;
S_0000000000872ed0 .scope module, "mux2_2" "mux2" 3 5, 4 1 0, S_0000000000874780;
 .timescale 0 0;
    .port_info 0 /INPUT 1 "i0";
    .port_info 1 /INPUT 1 "i1";
    .port_info 2 /INPUT 1 "j";
    .port_info 3 /OUTPUT 1 "o";
v00000000008c0c50_0 .net *"_s0", 31 0, L_00000000008c32e0;  1 drivers
L_00000000008c4998 .functor BUFT 1, C4<0000000000000000000000000000000>, C4<0>, C4<0>, C4<0>;
v00000000008c0cf0_0 .net *"_s3", 30 0, L_00000000008c4998;  1 drivers
L_00000000008c49e0 .functor BUFT 1, C4<00000000000000000000000000000000>, C4<0>, C4<0>, C4<0>;
v00000000008c09d0_0 .net/2u *"_s4", 31 0, L_00000000008c49e0;  1 drivers
v00000000008c1010_0 .net *"_s6", 0 0, L_00000000008c34c0;  1 drivers
v00000000008c0a70_0 .net "i0", 0 0, L_00000000008c3100;  alias, 1 drivers
v00000000008c1290_0 .net "i1", 0 0, L_00000000008c2b60;  alias, 1 drivers
v00000000008c0e30_0 .net "j", 0 0, v00000000008c2c00_0;  alias, 1 drivers
v00000000008c10b0_0 .net "o", 0 0, L_00000000008c2ca0;  alias, 1 drivers
L_00000000008c32e0 .concat [ 1 31 0 0], v00000000008c2c00_0, L_00000000008c4998;
L_00000000008c34c0 .cmp/eq 32, L_00000000008c32e0, L_00000000008c49e0;
L_00000000008c2ca0 .functor MUXZ 1, L_00000000008c2b60, L_00000000008c3100, L_00000000008c34c0, C4<>;
    .scope S_00000000008745f0;
T_0 ;
    %vpi_call 2 8 "$dumpfile", "dump.vcd" {0 0 0};
    %vpi_call 2 9 "$dumpvars", 32'sb00000000000000000000000000000000, S_00000000008745f0 {0 0 0};
    %end;
    .thread T_0;
    .scope S_00000000008745f0;
T_1 ;
    %pushi/vec4 1, 0, 4;
    %store/vec4 v00000000008c2840_0, 0, 4;
    %pushi/vec4 0, 0, 1;
    %store/vec4 v00000000008c2c00_0, 0, 1;
    %pushi/vec4 0, 0, 1;
    %store/vec4 v00000000008c1a80_0, 0, 1;
    %delay 5, 0;
    %pushi/vec4 8, 0, 4;
    %store/vec4 v00000000008c2840_0, 0, 4;
    %delay 5, 0;
    %pushi/vec4 1, 0, 4;
    %store/vec4 v00000000008c2840_0, 0, 4;
    %pushi/vec4 1, 0, 1;
    %store/vec4 v00000000008c2c00_0, 0, 1;
    %pushi/vec4 1, 0, 1;
    %store/vec4 v00000000008c1a80_0, 0, 1;
    %delay 5, 0;
    %pushi/vec4 0, 0, 4;
    %store/vec4 v00000000008c2840_0, 0, 4;
    %pushi/vec4 1, 0, 1;
    %store/vec4 v00000000008c2c00_0, 0, 1;
    %pushi/vec4 0, 0, 1;
    %store/vec4 v00000000008c1a80_0, 0, 1;
    %end;
    .thread T_1;
# The file index is used to find the file name in the following table.
:file_names 5;
    "N/A";
    "<interactive>";
    "testBench4to1.v";
    "MUX4to1.v";
    "MUX2to1.v";
