#! /usr/bin/vvp
:ivl_version "11.0 (stable)";
:ivl_delay_selection "TYPICAL";
:vpi_time_precision + 0;
:vpi_module "/usr/lib/x86_64-linux-gnu/ivl/system.vpi";
:vpi_module "/usr/lib/x86_64-linux-gnu/ivl/vhdl_sys.vpi";
:vpi_module "/usr/lib/x86_64-linux-gnu/ivl/vhdl_textio.vpi";
:vpi_module "/usr/lib/x86_64-linux-gnu/ivl/v2005_math.vpi";
:vpi_module "/usr/lib/x86_64-linux-gnu/ivl/va_math.vpi";
S_0x55a8e84bac50 .scope module, "testbench" "testbench" 2 1;
 .timescale 0 0;
v0x55a8e84ce4c0_0 .var "clk", 0 0;
v0x55a8e84ce580_0 .var "j", 0 0;
v0x55a8e84ce650_0 .var "k", 0 0;
v0x55a8e84ce750_0 .net "q_jk", 0 0, v0x55a8e84ce250_0;  1 drivers
v0x55a8e84ce820_0 .var "reset", 0 0;
S_0x55a8e84bade0 .scope module, "JKFF" "JK_flipflop" 2 4, 3 1 0, S_0x55a8e84bac50;
 .timescale 0 0;
    .port_info 0 /INPUT 1 "clk";
    .port_info 1 /INPUT 1 "reset";
    .port_info 2 /INPUT 1 "j";
    .port_info 3 /INPUT 1 "k";
    .port_info 4 /OUTPUT 1 "q";
v0x55a8e8482ba0_0 .net "clk", 0 0, v0x55a8e84ce4c0_0;  1 drivers
v0x55a8e84ce0c0_0 .net "j", 0 0, v0x55a8e84ce580_0;  1 drivers
v0x55a8e84ce180_0 .net "k", 0 0, v0x55a8e84ce650_0;  1 drivers
v0x55a8e84ce250_0 .var "q", 0 0;
v0x55a8e84ce310_0 .net "reset", 0 0, v0x55a8e84ce820_0;  1 drivers
E_0x55a8e84b9cc0 .event posedge, v0x55a8e84ce310_0, v0x55a8e8482ba0_0;
    .scope S_0x55a8e84bade0;
T_0 ;
    %wait E_0x55a8e84b9cc0;
    %load/vec4 v0x55a8e84ce310_0;
    %flag_set/vec4 8;
    %jmp/0xz  T_0.0, 8;
    %pushi/vec4 0, 0, 1;
    %assign/vec4 v0x55a8e84ce250_0, 0;
    %jmp T_0.1;
T_0.0 ;
    %load/vec4 v0x55a8e84ce0c0_0;
    %load/vec4 v0x55a8e84ce180_0;
    %and;
    %flag_set/vec4 8;
    %jmp/0xz  T_0.2, 8;
    %load/vec4 v0x55a8e84ce250_0;
    %assign/vec4 v0x55a8e84ce250_0, 0;
    %jmp T_0.3;
T_0.2 ;
    %load/vec4 v0x55a8e84ce0c0_0;
    %flag_set/vec4 8;
    %jmp/0xz  T_0.4, 8;
    %pushi/vec4 1, 0, 1;
    %assign/vec4 v0x55a8e84ce250_0, 0;
    %jmp T_0.5;
T_0.4 ;
    %load/vec4 v0x55a8e84ce180_0;
    %flag_set/vec4 8;
    %jmp/0xz  T_0.6, 8;
    %pushi/vec4 0, 0, 1;
    %assign/vec4 v0x55a8e84ce250_0, 0;
T_0.6 ;
T_0.5 ;
T_0.3 ;
T_0.1 ;
    %jmp T_0;
    .thread T_0;
    .scope S_0x55a8e84bac50;
T_1 ;
    %vpi_call 2 6 "$dumpfile", "wave.vcd" {0 0 0};
    %vpi_call 2 7 "$dumpvars", 32'sb00000000000000000000000000000000, S_0x55a8e84bac50 {0 0 0};
    %pushi/vec4 1, 0, 1;
    %store/vec4 v0x55a8e84ce820_0, 0, 1;
    %pushi/vec4 0, 0, 1;
    %store/vec4 v0x55a8e84ce4c0_0, 0, 1;
    %pushi/vec4 0, 0, 1;
    %store/vec4 v0x55a8e84ce580_0, 0, 1;
    %pushi/vec4 0, 0, 1;
    %store/vec4 v0x55a8e84ce650_0, 0, 1;
    %delay 10, 0;
    %pushi/vec4 0, 0, 1;
    %store/vec4 v0x55a8e84ce820_0, 0, 1;
    %pushi/vec4 1, 0, 1;
    %store/vec4 v0x55a8e84ce580_0, 0, 1;
    %pushi/vec4 1, 0, 1;
    %store/vec4 v0x55a8e84ce650_0, 0, 1;
    %delay 10, 0;
    %pushi/vec4 0, 0, 1;
    %store/vec4 v0x55a8e84ce580_0, 0, 1;
    %delay 10, 0;
    %pushi/vec4 0, 0, 1;
    %store/vec4 v0x55a8e84ce650_0, 0, 1;
    %vpi_call 2 19 "$finish" {0 0 0};
    %end;
    .thread T_1;
    .scope S_0x55a8e84bac50;
T_2 ;
    %delay 5, 0;
    %load/vec4 v0x55a8e84ce4c0_0;
    %inv;
    %store/vec4 v0x55a8e84ce4c0_0, 0, 1;
    %jmp T_2;
    .thread T_2;
# The file index is used to find the file name in the following table.
:file_names 4;
    "N/A";
    "<interactive>";
    "JKff_tb.v";
    "JKff.v";
