#! /usr/bin/vvp
:ivl_version "11.0 (stable)";
:ivl_delay_selection "TYPICAL";
:vpi_time_precision + 0;
:vpi_module "/usr/lib/x86_64-linux-gnu/ivl/system.vpi";
:vpi_module "/usr/lib/x86_64-linux-gnu/ivl/vhdl_sys.vpi";
:vpi_module "/usr/lib/x86_64-linux-gnu/ivl/vhdl_textio.vpi";
:vpi_module "/usr/lib/x86_64-linux-gnu/ivl/v2005_math.vpi";
:vpi_module "/usr/lib/x86_64-linux-gnu/ivl/va_math.vpi";
S_0x55b17e7871a0 .scope module, "and1" "and1" 2 1;
 .timescale 0 0;
    .port_info 0 /INPUT 1 "a";
    .port_info 1 /INPUT 1 "b";
    .port_info 2 /OUTPUT 1 "x";
    .port_info 3 /OUTPUT 1 "y";
o0x7fc0249c5018 .functor BUFZ 1, C4<z>; HiZ drive
o0x7fc0249c5048 .functor BUFZ 1, C4<z>; HiZ drive
L_0x55b17e7a8bb0 .functor AND 1, o0x7fc0249c5018, o0x7fc0249c5048, C4<1>, C4<1>;
L_0x55b17e7a8ca0 .functor OR 1, o0x7fc0249c5018, o0x7fc0249c5048, C4<0>, C4<0>;
v0x55b17e7873a0_0 .net "a", 0 0, o0x7fc0249c5018;  0 drivers
v0x55b17e7a88b0_0 .net "b", 0 0, o0x7fc0249c5048;  0 drivers
v0x55b17e7a8970_0 .net "x", 0 0, L_0x55b17e7a8ca0;  1 drivers
v0x55b17e7a8a40_0 .net "y", 0 0, L_0x55b17e7a8bb0;  1 drivers
# The file index is used to find the file name in the following table.
:file_names 3;
    "N/A";
    "<interactive>";
    "a.v";
